2025-11-30 21:30:13,093 - urllib3.connectionpool - DEBUG - Starting new HTTP connection (1): localhost:80
2025-11-30 21:30:17,173 - __main__ - ERROR - Error de conexión con el backend
Traceback (most recent call last):
  File "C:\Users\nicol\OneDrive\Documentos\GitHub\FAT-Testing-ProyectoTitulo\venv\Lib\site-packages\urllib3\connection.py", line 198, in _new_conn
    sock = connection.create_connection(
        (self._dns_host, self.port),
    ...<2 lines>...
        socket_options=self.socket_options,
    )
  File "C:\Users\nicol\OneDrive\Documentos\GitHub\FAT-Testing-ProyectoTitulo\venv\Lib\site-packages\urllib3\util\connection.py", line 85, in create_connection
    raise err
  File "C:\Users\nicol\OneDrive\Documentos\GitHub\FAT-Testing-ProyectoTitulo\venv\Lib\site-packages\urllib3\util\connection.py", line 73, in create_connection
    sock.connect(sa)
    ~~~~~~~~~~~~^^^^
ConnectionRefusedError: [WinError 10061] No se puede establecer una conexión ya que el equipo de destino denegó expresamente dicha conexión

The above exception was the direct cause of the following exception:

Traceback (most recent call last):
  File "C:\Users\nicol\OneDrive\Documentos\GitHub\FAT-Testing-ProyectoTitulo\venv\Lib\site-packages\urllib3\connectionpool.py", line 787, in urlopen
    response = self._make_request(
        conn,
    ...<10 lines>...
        **response_kw,
    )
  File "C:\Users\nicol\OneDrive\Documentos\GitHub\FAT-Testing-ProyectoTitulo\venv\Lib\site-packages\urllib3\connectionpool.py", line 493, in _make_request
    conn.request(
    ~~~~~~~~~~~~^
        method,
        ^^^^^^^
    ...<6 lines>...
        enforce_content_length=enforce_content_length,
        ^^^^^^^^^^^^^^^^^^^^^^^^^^^^^^^^^^^^^^^^^^^^^^
    )
    ^
  File "C:\Users\nicol\OneDrive\Documentos\GitHub\FAT-Testing-ProyectoTitulo\venv\Lib\site-packages\urllib3\connection.py", line 494, in request
    self.endheaders()
    ~~~~~~~~~~~~~~~^^
  File "C:\Users\nicol\AppData\Local\Programs\Python\Python313\Lib\http\client.py", line 1333, in endheaders
    self._send_output(message_body, encode_chunked=encode_chunked)
    ~~~~~~~~~~~~~~~~~^^^^^^^^^^^^^^^^^^^^^^^^^^^^^^^^^^^^^^^^^^^^^
  File "C:\Users\nicol\AppData\Local\Programs\Python\Python313\Lib\http\client.py", line 1093, in _send_output
    self.send(msg)
    ~~~~~~~~~^^^^^
  File "C:\Users\nicol\AppData\Local\Programs\Python\Python313\Lib\http\client.py", line 1037, in send
    self.connect()
    ~~~~~~~~~~~~^^
  File "C:\Users\nicol\OneDrive\Documentos\GitHub\FAT-Testing-ProyectoTitulo\venv\Lib\site-packages\urllib3\connection.py", line 325, in connect
    self.sock = self._new_conn()
                ~~~~~~~~~~~~~~^^
  File "C:\Users\nicol\OneDrive\Documentos\GitHub\FAT-Testing-ProyectoTitulo\venv\Lib\site-packages\urllib3\connection.py", line 213, in _new_conn
    raise NewConnectionError(
        self, f"Failed to establish a new connection: {e}"
    ) from e
urllib3.exceptions.NewConnectionError: <urllib3.connection.HTTPConnection object at 0x000002063C9442F0>: Failed to establish a new connection: [WinError 10061] No se puede establecer una conexión ya que el equipo de destino denegó expresamente dicha conexión

The above exception was the direct cause of the following exception:

Traceback (most recent call last):
  File "C:\Users\nicol\OneDrive\Documentos\GitHub\FAT-Testing-ProyectoTitulo\venv\Lib\site-packages\requests\adapters.py", line 644, in send
    resp = conn.urlopen(
        method=request.method,
    ...<9 lines>...
        chunked=chunked,
    )
  File "C:\Users\nicol\OneDrive\Documentos\GitHub\FAT-Testing-ProyectoTitulo\venv\Lib\site-packages\urllib3\connectionpool.py", line 841, in urlopen
    retries = retries.increment(
        method, url, error=new_e, _pool=self, _stacktrace=sys.exc_info()[2]
    )
  File "C:\Users\nicol\OneDrive\Documentos\GitHub\FAT-Testing-ProyectoTitulo\venv\Lib\site-packages\urllib3\util\retry.py", line 519, in increment
    raise MaxRetryError(_pool, url, reason) from reason  # type: ignore[arg-type]
    ^^^^^^^^^^^^^^^^^^^^^^^^^^^^^^^^^^^^^^^^^^^^^^^^^^^
urllib3.exceptions.MaxRetryError: HTTPConnectionPool(host='localhost', port=80): Max retries exceeded with url: /api/validar-acceso (Caused by NewConnectionError('<urllib3.connection.HTTPConnection object at 0x000002063C9442F0>: Failed to establish a new connection: [WinError 10061] No se puede establecer una conexión ya que el equipo de destino denegó expresamente dicha conexión'))

During handling of the above exception, another exception occurred:

Traceback (most recent call last):
  File "C:\Users\nicol\OneDrive\Documentos\GitHub\FAT-Testing-ProyectoTitulo\exe\appLocal.py", line 2752, in login
    response = requests.post(
        API_VALIDAR_ACCESO_URL,
        json=payload,
        timeout=10
    )
  File "C:\Users\nicol\OneDrive\Documentos\GitHub\FAT-Testing-ProyectoTitulo\venv\Lib\site-packages\requests\api.py", line 115, in post
    return request("post", url, data=data, json=json, **kwargs)
  File "C:\Users\nicol\OneDrive\Documentos\GitHub\FAT-Testing-ProyectoTitulo\venv\Lib\site-packages\requests\api.py", line 59, in request
    return session.request(method=method, url=url, **kwargs)
           ~~~~~~~~~~~~~~~^^^^^^^^^^^^^^^^^^^^^^^^^^^^^^^^^^
  File "C:\Users\nicol\OneDrive\Documentos\GitHub\FAT-Testing-ProyectoTitulo\venv\Lib\site-packages\requests\sessions.py", line 589, in request
    resp = self.send(prep, **send_kwargs)
  File "C:\Users\nicol\OneDrive\Documentos\GitHub\FAT-Testing-ProyectoTitulo\venv\Lib\site-packages\requests\sessions.py", line 703, in send
    r = adapter.send(request, **kwargs)
  File "C:\Users\nicol\OneDrive\Documentos\GitHub\FAT-Testing-ProyectoTitulo\venv\Lib\site-packages\requests\adapters.py", line 677, in send
    raise ConnectionError(e, request=request)
requests.exceptions.ConnectionError: HTTPConnectionPool(host='localhost', port=80): Max retries exceeded with url: /api/validar-acceso (Caused by NewConnectionError('<urllib3.connection.HTTPConnection object at 0x000002063C9442F0>: Failed to establish a new connection: [WinError 10061] No se puede establecer una conexión ya que el equipo de destino denegó expresamente dicha conexión'))
2025-11-30 21:30:36,434 - urllib3.connectionpool - DEBUG - Starting new HTTP connection (1): localhost:80
2025-11-30 21:30:38,666 - urllib3.connectionpool - DEBUG - http://localhost:80 "POST /api/validar-acceso HTTP/1.1" 200 134
2025-11-30 21:34:57,467 - urllib3.connectionpool - DEBUG - Starting new HTTP connection (1): localhost:80
2025-11-30 21:34:59,661 - urllib3.connectionpool - DEBUG - http://localhost:80 "POST /api/validar-acceso HTTP/1.1" 200 134
2025-11-30 21:35:09,499 - urllib3.connectionpool - DEBUG - Starting new HTTP connection (1): localhost:80
2025-11-30 21:35:11,691 - urllib3.connectionpool - DEBUG - http://localhost:80 "POST /api/validar-acceso HTTP/1.1" 401 122
2025-11-30 21:35:36,457 - urllib3.connectionpool - DEBUG - Starting new HTTP connection (1): localhost:80
2025-11-30 21:35:38,671 - urllib3.connectionpool - DEBUG - http://localhost:80 "POST /api/validar-acceso HTTP/1.1" 200 129
2025-11-30 21:35:50,804 - urllib3.connectionpool - DEBUG - Starting new HTTP connection (1): localhost:80
2025-11-30 21:35:53,003 - urllib3.connectionpool - DEBUG - http://localhost:80 "POST /api/validar-acceso HTTP/1.1" 401 122
